2024-12-10 14:44:32.524545 INFO::Starting daily bike data collection workflow
2024-12-10 14:44:42.34514 INFO::Starting daily bike station status collection
2024-12-10 14:44:57.491829 INFO::Successfully collected and stored 783 records
2024-12-10 14:45:02.161227 INFO::Daily bike data workflow completed successfully
2024-12-10 14:45:30.130098 INFO::Starting daily bike data collection workflow
2024-12-10 14:45:34.561616 INFO::Starting daily bike station status collection
2024-12-10 14:45:44.292533 INFO::Successfully collected and stored 783 records
2024-12-10 14:45:46.363431 INFO::Daily bike data workflow completed successfully
2024-12-10 14:53:14.817427 INFO::Starting daily bike data collection workflow
2024-12-10 14:53:19.786915 INFO::Starting daily bike station status collection
2024-12-10 14:53:27.769015 INFO::Successfully collected and stored 783 records
2024-12-10 14:53:30.852827 INFO::Daily bike data workflow completed successfully
2024-12-10 15:10:12.911764 INFO::Starting daily bike data collection workflow
2024-12-10 15:10:20.324982 INFO::Starting daily bike station status collection
2024-12-10 15:10:37.105671 INFO::Successfully collected and stored 783 records
2024-12-10 15:10:45.348291 INFO::Daily bike data workflow completed successfully
2024-12-10 16:20:46.512151 INFO::Starting daily bike data collection workflow
2024-12-10 16:22:13.937239 ERROR::Workflow failed: Failed to perform HTTP request.
2024-12-10 16:23:32.698273 INFO::Starting daily bike data collection workflow
2024-12-10 16:23:42.817865 ERROR::Workflow failed: Failed to perform HTTP request.
2024-12-10 16:24:39.473862 INFO::Starting daily bike data collection workflow
2024-12-10 16:24:49.617169 ERROR::Workflow failed: Failed to perform HTTP request.
2024-12-10 16:51:06.379894 INFO::Starting daily bike data collection workflow
2024-12-10 16:51:13.482849 INFO::Starting daily bike station status collection
2024-12-10 16:51:22.65619 INFO::Successfully collected and stored 783 records
2024-12-10 16:51:25.747158 INFO::Daily bike data workflow completed successfully
2024-12-10 18:12:00.591075 INFO::Starting daily bike data collection workflow
2024-12-10 18:12:20.220977 ERROR::Workflow failed: Failed to perform HTTP request.
2024-12-10 18:13:07.875832 INFO::Starting daily bike data collection workflow
2024-12-10 18:13:13.436819 INFO::Starting daily bike station status collection
2024-12-10 18:13:24.346332 INFO::Successfully collected and stored 783 records
2024-12-10 18:13:27.824053 INFO::Daily bike data workflow completed successfully
2024-12-10 18:33:14.263036 INFO::Starting daily bike data collection workflow
2024-12-10 18:33:33.766005 ERROR::Workflow failed: Failed to perform HTTP request.
2024-12-10 18:34:00.798476 INFO::Starting daily bike data collection workflow
2024-12-10 18:34:07.42726 INFO::Starting daily bike station status collection
2024-12-10 18:34:17.717869 INFO::Successfully collected and stored 783 records
2024-12-10 18:34:31.916748 INFO::Daily bike data workflow completed successfully
2024-12-16 10:46:48.518215 INFO::Starting daily bike data collection workflow
2024-12-16 10:46:58.597952 INFO::Starting daily bike station status collection
2024-12-16 10:47:08.99383 INFO::Successfully collected and stored 784 records
2024-12-16 10:47:09.916707 ERROR::An error occurred in safe_collect_daily_status: SSL connect error [smtp.gmail.com]: Recv failure: Connection was reset
2024-12-16 10:47:10.27417 ERROR::Workflow failed: SSL connect error [smtp.gmail.com]: Recv failure: Connection was reset
2024-12-18 03:31:30.199161 INFO::Starting daily bike data collection workflow
2024-12-18 03:31:38.240722 INFO::Starting daily bike station status collection
2024-12-18 03:31:46.344276 INFO::Successfully collected and stored 785 records
2024-12-18 03:31:52.029345 INFO::Daily bike data workflow completed successfully
2024-12-26 13:47:52.093304 INFO::Starting daily bike data collection workflow
2024-12-26 13:48:03.435137 INFO::Starting daily bike station status collection
2024-12-26 13:48:18.416529 INFO::Successfully collected and stored 785 records
2024-12-26 13:48:26.130747 INFO::Daily bike data workflow completed successfully
